###############################################################################
#                                                                             #
# IAR C/C++ Compiler V8.10.3.10338/W32 for 8051         23/Nov/2016  13:45:26 #
# Copyright 2004-2011 IAR Systems AB.                                         #
#                                                                             #
#    Core               =  plain                                              #
#    Code model         =  banked                                             #
#    Data model         =  large                                              #
#    Calling convention =  xdata reentrant                                    #
#    Constant location  =  data_rom                                           #
#    Dptr setup         =  1,16                                               #
#    Source file        =  F:\GitHub\ZigBee\ZStack-CC2530-2.3.0-1.4.0\Project #
#                          s\zstack\Samples\SimonApp\Source\modules\74LS164_8 #
#                          LED.c                                              #
#    Command line       =  -f F:\GitHub\ZigBee\ZStack-CC2530-2.3.0-1.4.0\Proj #
#                          ects\zstack\Samples\SimonApp\CC2530DB\..\..\..\Too #
#                          ls\CC2530DB\f8wEndev.cfg (-DCPU32MHZ               #
#                          -DROOT=__near_func -DBLINK_LEDS) -f                #
#                          F:\GitHub\ZigBee\ZStack-CC2530-2.3.0-1.4.0\Project #
#                          s\zstack\Samples\SimonApp\CC2530DB\..\..\..\Tools\ #
#                          CC2530DB\f8wConfig.cfg (-DSECURE=0                 #
#                          -DZG_SECURE_DYNAMIC=0 -DREFLECTOR                  #
#                          -DDEFAULT_CHANLIST=0x00000800                      #
#                          -DZDAPP_CONFIG_PAN_ID=0xFFFF                       #
#                          -DNWK_START_DELAY=100 -DEXTENDED_JOINING_RANDOM_MA #
#                          SK=0x007F -DBEACON_REQUEST_DELAY=100               #
#                          -DBEACON_REQ_DELAY_MASK=0x00FF                     #
#                          -DROUTE_EXPIRY_TIME=30 -DAPSC_ACK_WAIT_DURATION_PO #
#                          LLED=3000 -DNWK_INDIRECT_MSG_TIMEOUT=7             #
#                          -DMAX_RREQ_ENTRIES=8 -DAPSC_MAX_FRAME_RETRIES=3    #
#                          -DNWK_MAX_DATA_RETRIES=2                           #
#                          -DMAX_POLL_FAILURE_RETRIES=2 -DMAX_BCAST=9         #
#                          -DAPS_MAX_GROUPS=16 -DMAX_RTG_ENTRIES=40           #
#                          -DNWK_MAX_BINDING_ENTRIES=4                        #
#                          -DMAX_BINDING_CLUSTER_IDS=4 "-DDEFAULT_KEY={0x01,  #
#                          0x03, 0x05, 0x07, 0x09, 0x0B, 0x0D, 0x0F, 0x00,    #
#                          0x02, 0x04, 0x06, 0x08, 0x0A, 0x0C, 0x0D}"         #
#                          -DMAC_MAX_FRAME_SIZE=116 "-DCONST=const __code"    #
#                          -DGENERIC=__generic -DRFD_RCVC_ALWAYS_ON=FALSE     #
#                          -DPOLL_RATE=1000 -DQUEUED_POLL_RATE=100            #
#                          -DRESPONSE_POLL_RATE=100) -DREJOIN_POLL_RATE=440   #
#                          F:\GitHub\ZigBee\ZStack-CC2530-2.3.0-1.4.0\Project #
#                          s\zstack\Samples\SimonApp\Source\modules\74LS164_8 #
#                          LED.c -D NWK_AUTO_POLL -D ZTOOL_P1 -D MT_TASK -D   #
#                          MT_SYS_FUNC -D MT_ZDO_FUNC -D LCD_SUPPORTED=DEBUG  #
#                          -D xPOWER_SAVING -lC F:\GitHub\ZigBee\ZStack-CC253 #
#                          0-2.3.0-1.4.0\Projects\zstack\Samples\SimonApp\CC2 #
#                          530DB\EndDeviceEB\List\ -lA                        #
#                          F:\GitHub\ZigBee\ZStack-CC2530-2.3.0-1.4.0\Project #
#                          s\zstack\Samples\SimonApp\CC2530DB\EndDeviceEB\Lis #
#                          t\ --diag_suppress Pe001,Pa010 -o                  #
#                          F:\GitHub\ZigBee\ZStack-CC2530-2.3.0-1.4.0\Project #
#                          s\zstack\Samples\SimonApp\CC2530DB\EndDeviceEB\Obj #
#                          \ -e --debug --core=plain --dptr=16,1              #
#                          --data_model=large --code_model=banked             #
#                          --calling_convention=xdata_reentrant               #
#                          --place_constants=data_rom --nr_virtual_regs 16    #
#                          -I F:\GitHub\ZigBee\ZStack-CC2530-2.3.0-1.4.0\Proj #
#                          ects\zstack\Samples\SimonApp\CC2530DB\ -I          #
#                          F:\GitHub\ZigBee\ZStack-CC2530-2.3.0-1.4.0\Project #
#                          s\zstack\Samples\SimonApp\CC2530DB\..\SOURCE\ -I   #
#                          F:\GitHub\ZigBee\ZStack-CC2530-2.3.0-1.4.0\Project #
#                          s\zstack\Samples\SimonApp\CC2530DB\..\..\..\ZMAIN\ #
#                          TI2530DB\ -I F:\GitHub\ZigBee\ZStack-CC2530-2.3.0- #
#                          1.4.0\Projects\zstack\Samples\SimonApp\CC2530DB\.. #
#                          \..\..\..\..\COMPONENTS\MT\ -I                     #
#                          F:\GitHub\ZigBee\ZStack-CC2530-2.3.0-1.4.0\Project #
#                          s\zstack\Samples\SimonApp\CC2530DB\..\..\..\..\..\ #
#                          COMPONENTS\HAL\INCLUDE\ -I                         #
#                          F:\GitHub\ZigBee\ZStack-CC2530-2.3.0-1.4.0\Project #
#                          s\zstack\Samples\SimonApp\CC2530DB\..\..\..\..\..\ #
#                          COMPONENTS\HAL\TARGET\CC2530EB\ -I                 #
#                          F:\GitHub\ZigBee\ZStack-CC2530-2.3.0-1.4.0\Project #
#                          s\zstack\Samples\SimonApp\CC2530DB\..\..\..\..\..\ #
#                          COMPONENTS\OSAL\MCU\CCSOC\ -I                      #
#                          F:\GitHub\ZigBee\ZStack-CC2530-2.3.0-1.4.0\Project #
#                          s\zstack\Samples\SimonApp\CC2530DB\..\..\..\..\..\ #
#                          COMPONENTS\OSAL\INCLUDE\ -I                        #
#                          F:\GitHub\ZigBee\ZStack-CC2530-2.3.0-1.4.0\Project #
#                          s\zstack\Samples\SimonApp\CC2530DB\..\..\..\..\..\ #
#                          COMPONENTS\STACK\AF\ -I F:\GitHub\ZigBee\ZStack-CC #
#                          2530-2.3.0-1.4.0\Projects\zstack\Samples\SimonApp\ #
#                          CC2530DB\..\..\..\..\..\COMPONENTS\STACK\NWK\ -I   #
#                          F:\GitHub\ZigBee\ZStack-CC2530-2.3.0-1.4.0\Project #
#                          s\zstack\Samples\SimonApp\CC2530DB\..\..\..\..\..\ #
#                          COMPONENTS\STACK\SEC\ -I                           #
#                          F:\GitHub\ZigBee\ZStack-CC2530-2.3.0-1.4.0\Project #
#                          s\zstack\Samples\SimonApp\CC2530DB\..\..\..\..\..\ #
#                          COMPONENTS\STACK\SAPI\ -I                          #
#                          F:\GitHub\ZigBee\ZStack-CC2530-2.3.0-1.4.0\Project #
#                          s\zstack\Samples\SimonApp\CC2530DB\..\..\..\..\..\ #
#                          COMPONENTS\STACK\SYS\ -I                           #
#                          F:\GitHub\ZigBee\ZStack-CC2530-2.3.0-1.4.0\Project #
#                          s\zstack\Samples\SimonApp\CC2530DB\..\..\..\..\..\ #
#                          COMPONENTS\STACK\ZDO\ -I                           #
#                          F:\GitHub\ZigBee\ZStack-CC2530-2.3.0-1.4.0\Project #
#                          s\zstack\Samples\SimonApp\CC2530DB\..\..\..\..\..\ #
#                          COMPONENTS\ZMAC\F8W\ -I F:\GitHub\ZigBee\ZStack-CC #
#                          2530-2.3.0-1.4.0\Projects\zstack\Samples\SimonApp\ #
#                          CC2530DB\..\..\..\..\..\COMPONENTS\ZMAC\ -I        #
#                          F:\GitHub\ZigBee\ZStack-CC2530-2.3.0-1.4.0\Project #
#                          s\zstack\Samples\SimonApp\CC2530DB\..\..\..\..\..\ #
#                          COMPONENTS\SERVICES\SADDR\ -I                      #
#                          F:\GitHub\ZigBee\ZStack-CC2530-2.3.0-1.4.0\Project #
#                          s\zstack\Samples\SimonApp\CC2530DB\..\..\..\..\..\ #
#                          COMPONENTS\SERVICES\SDATA\ -I                      #
#                          F:\GitHub\ZigBee\ZStack-CC2530-2.3.0-1.4.0\Project #
#                          s\zstack\Samples\SimonApp\CC2530DB\..\..\..\..\..\ #
#                          COMPONENTS\MAC\INCLUDE\ -I                         #
#                          F:\GitHub\ZigBee\ZStack-CC2530-2.3.0-1.4.0\Project #
#                          s\zstack\Samples\SimonApp\CC2530DB\..\..\..\..\..\ #
#                          COMPONENTS\MAC\HIGH_LEVEL\ -I                      #
#                          F:\GitHub\ZigBee\ZStack-CC2530-2.3.0-1.4.0\Project #
#                          s\zstack\Samples\SimonApp\CC2530DB\..\..\..\..\..\ #
#                          COMPONENTS\MAC\LOW_LEVEL\srf04\ -I                 #
#                          F:\GitHub\ZigBee\ZStack-CC2530-2.3.0-1.4.0\Project #
#                          s\zstack\Samples\SimonApp\CC2530DB\..\..\..\..\..\ #
#                          COMPONENTS\MAC\LOW_LEVEL\srf04\SINGLE_CHIP\ -Ohz   #
#                          --require_prototypes                               #
#    List file          =  F:\GitHub\ZigBee\ZStack-CC2530-2.3.0-1.4.0\Project #
#                          s\zstack\Samples\SimonApp\CC2530DB\EndDeviceEB\Lis #
#                          t\74LS164_8LED.lst                                 #
#    Object file        =  F:\GitHub\ZigBee\ZStack-CC2530-2.3.0-1.4.0\Project #
#                          s\zstack\Samples\SimonApp\CC2530DB\EndDeviceEB\Obj #
#                          \74LS164_8LED.r51                                  #
#                                                                             #
#                                                                             #
###############################################################################

F:\GitHub\ZigBee\ZStack-CC2530-2.3.0-1.4.0\Projects\zstack\Samples\SimonApp\Source\modules\74LS164_8LED.c
      1          #include<ioCC2530.h>

   \                                 In  segment SFR_AN, at 0x80
   \   union <unnamed> volatile __sfr _A_P0
   \                     _A_P0:
   \   000000                DS 1

   \                                 In  segment SFR_AN, at 0x90
   \   union <unnamed> volatile __sfr _A_P1
   \                     _A_P1:
   \   000000                DS 1

   \                                 In  segment SFR_AN, at 0xf3
   \   unsigned char volatile __sfr P0SEL
   \                     P0SEL:
   \   000000                DS 1

   \                                 In  segment SFR_AN, at 0xf4
   \   unsigned char volatile __sfr P1SEL
   \                     P1SEL:
   \   000000                DS 1

   \                                 In  segment SFR_AN, at 0xfd
   \   unsigned char volatile __sfr P0DIR
   \                     P0DIR:
   \   000000                DS 1

   \                                 In  segment SFR_AN, at 0xfe
   \   unsigned char volatile __sfr P1DIR
   \                     P1DIR:
   \   000000                DS 1
      2          #include"74LS164_8LED.h"

   \                                 In  segment XDATA_I, align 1, keep-with-next
      3          static UCHAR LED_Map[]={0x3f,0x06,0x5b,0x4f,
   \                     LED_Map:
   \   000000                DS 14
   \   00000E                REQUIRE `?<Initializer for LED_Map>`
   \   00000E                REQUIRE __INIT_XDATA_I
      4                                  0x66,0x6d,0x7d,0x07,
      5                                  0x7f,0x6f,0x00,\
      6                                  0x39,/*'C'协调器*/\
      7                                  0x77,/*'R'路由器*/\
      8                                  0x79/*'E'终端*/};

   \                                 In  segment BANKED_CODE, align 1, keep-with-next
      9          void LS164_Cfg(void)
   \                     LS164_Cfg:
     10          {
   \   000000                ; Saved register size: 0
   \   000000                ; Auto size: 0
     11              P1SEL &=~0x0C;//xxxx 00xx  配置为普通IO模式
   \   000000   53F4F3       ANL     0xf4,#0xf3
     12              P1DIR |=0x0C;//xxxx 11xx   配置为输出模式
   \   000003   43FE0C       ORL     0xfe,#0xc
     13          }
   \   000006   02....       LJMP    ?BRET
   \   000009                REQUIRE P1SEL
   \   000009                REQUIRE P1DIR

   \                                 In  segment BANKED_CODE, align 1, keep-with-next
     14          void LS164_BYTE(UCHAR Index) //P1.3  DATA   P1.2  CLK
   \                     LS164_BYTE:
     15          {  
   \   000000   74F6         MOV     A,#-0xa
   \   000002   12....       LCALL   ?BANKED_ENTER_XDATA
   \   000005                ; Saved register size: 10
   \   000005                ; Auto size: 0
     16              UCHAR i=0;
     17              UCHAR Data=LED_Map[Index];
   \   000005   89..         MOV     ?V0 + 0,R1
   \   000007   74..         MOV     A,#LED_Map & 0xff
   \   000009   25..         ADD     A,?V0 + 0
   \   00000B   F582         MOV     DPL,A
   \   00000D   74..         MOV     A,#(LED_Map >> 8) & 0xff
   \   00000F   3400         ADDC    A,#0x0
   \   000011   F583         MOV     DPH,A
   \   000013   E0           MOVX    A,@DPTR
   \   000014   FA           MOV     R2,A
   \   000015   7808         MOV     R0,#0x8
     18              for(;i<8;i++)
     19              {
     20                  if(0x80 & Data)
   \                     ??LS164_BYTE_0:
   \   000017   EA           MOV     A,R2
   \   000018   A2E7         MOV     C,0xE0 /* A   */.7
   \   00001A   5004         JNC     ??LS164_BYTE_1
     21                  {
     22                      LS164_DATA=1;            
   \   00001C   D293         SETB    0x90.3
   \   00001E   8002         SJMP    ??LS164_BYTE_2
     23                  }
     24                  else
     25                  {
     26                      LS164_DATA=0; 
   \                     ??LS164_BYTE_1:
   \   000020   C293         CLR     0x90.3
     27                  }
     28                  Data=Data << 1;
   \                     ??LS164_BYTE_2:
   \   000022   C3           CLR     C
   \   000023   33           RLC     A
   \   000024   FA           MOV     R2,A
     29                  LS164_CLK=0;
   \   000025   C292         CLR     0x90.2
     30                  LS164_CLK=1;
   \   000027   D292         SETB    0x90.2
     31              }
   \   000029   18           DEC     R0
   \   00002A   E8           MOV     A,R0
   \   00002B   70EA         JNZ     ??LS164_BYTE_0
     32          }
   \   00002D   7F02         MOV     R7,#0x2
   \   00002F   02....       LJMP    ?BANKED_LEAVE_XDATA
   \   000032                REQUIRE _A_P1
     33          
     34          /*板载LED2初始化*/

   \                                 In  segment BANKED_CODE, align 1, keep-with-next
     35          void Led_Init(void)
   \                     Led_Init:
     36          {
   \   000000                ; Saved register size: 0
   \   000000                ; Auto size: 0
     37              P0SEL &= ~0x02;
   \   000000   53F3FD       ANL     0xf3,#0xfd
     38              P0DIR |= 0x02;
   \   000003   43FD02       ORL     0xfd,#0x2
     39              P0_1 = 1;
   \   000006   D281         SETB    0x80.1
     40          }
   \   000008   02....       LJMP    ?BRET
   \   00000B                REQUIRE P0SEL
   \   00000B                REQUIRE P0DIR
   \   00000B                REQUIRE _A_P0

   \                                 In  segment XDATA_ID, align 1, keep-with-next
   \                     `?<Initializer for LED_Map>`:
   \   000000   3F           DB 63
   \   000001   06           DB 6
   \   000002   5B           DB 91
   \   000003   4F           DB 79
   \   000004   66           DB 102
   \   000005   6D           DB 109
   \   000006   7D           DB 125
   \   000007   07           DB 7
   \   000008   7F           DB 127
   \   000009   6F           DB 111
   \   00000A   00           DB 0
   \   00000B   39           DB 57
   \   00000C   77           DB 119
   \   00000D   79           DB 121

   \                                 In  segment BANK_RELAYS, align 1
   \                     ??LS164_Cfg?relay:
   \   000000   12....       LCALL   ?BDISPATCH
   \   000003   ......       DC24    LS164_Cfg

   \                                 In  segment BANK_RELAYS, align 1
   \                     ??LS164_BYTE?relay:
   \   000000   12....       LCALL   ?BDISPATCH
   \   000003   ......       DC24    LS164_BYTE

   \                                 In  segment BANK_RELAYS, align 1
   \                     ??Led_Init?relay:
   \   000000   12....       LCALL   ?BDISPATCH
   \   000003   ......       DC24    Led_Init
     41          

   Maximum stack usage in bytes:

     Function   ISTACK PSTACK XSTACK
     --------   ------ ------ ------
     LS164_BYTE     0      0     10
     LS164_Cfg      0      0      0
     Led_Init       0      0      0


   Segment part sizes:

     Function/Label             Bytes
     --------------             -----
     _A_P0                         1
     _A_P1                         1
     P0SEL                         1
     P1SEL                         1
     P0DIR                         1
     P1DIR                         1
     LED_Map                      14
     LS164_Cfg                     9
     LS164_BYTE                   50
     Led_Init                     11
     ?<Initializer for LED_Map>   14
     ??LS164_Cfg?relay             6
     ??LS164_BYTE?relay            6
     ??Led_Init?relay              6

 
 70 bytes in segment BANKED_CODE
 18 bytes in segment BANK_RELAYS
  6 bytes in segment SFR_AN
 14 bytes in segment XDATA_I
 14 bytes in segment XDATA_ID
 
 102 bytes of CODE  memory
   0 bytes of DATA  memory (+ 6 bytes shared)
  14 bytes of XDATA memory

Errors: none
Warnings: none
