###############################################################################
#                                                                             #
# IAR C/C++ Compiler V8.10.3.10338/W32 for 8051         22/Nov/2016  20:48:19 #
# Copyright 2004-2011 IAR Systems AB.                                         #
#                                                                             #
#    Core               =  plain                                              #
#    Code model         =  banked                                             #
#    Data model         =  large                                              #
#    Calling convention =  xdata reentrant                                    #
#    Constant location  =  data_rom                                           #
#    Dptr setup         =  1,16                                               #
#    Source file        =  F:\GitHub\ZigBee\ZStack-CC2530-2.3.0-1.4.0\Project #
#                          s\zstack\Samples\SimonApp\Source\SimonApp.c        #
#    Command line       =  -f F:\GitHub\ZigBee\ZStack-CC2530-2.3.0-1.4.0\Proj #
#                          ects\zstack\Samples\SimonApp\CC2530DB\..\..\..\Too #
#                          ls\CC2530DB\f8wRouter.cfg (-DCPU32MHZ              #
#                          -DROOT=__near_func -DMAC_CFG_APP_PENDING_QUEUE=TRU #
#                          E -DRTR_NWK -DBLINK_LEDS) -f                       #
#                          F:\GitHub\ZigBee\ZStack-CC2530-2.3.0-1.4.0\Project #
#                          s\zstack\Samples\SimonApp\CC2530DB\..\..\..\Tools\ #
#                          CC2530DB\f8wConfig.cfg (-DSECURE=0                 #
#                          -DZG_SECURE_DYNAMIC=0 -DREFLECTOR                  #
#                          -DDEFAULT_CHANLIST=0x00000800                      #
#                          -DZDAPP_CONFIG_PAN_ID=0xFFFF                       #
#                          -DNWK_START_DELAY=100 -DEXTENDED_JOINING_RANDOM_MA #
#                          SK=0x007F -DBEACON_REQUEST_DELAY=100               #
#                          -DBEACON_REQ_DELAY_MASK=0x00FF                     #
#                          -DROUTE_EXPIRY_TIME=30 -DAPSC_ACK_WAIT_DURATION_PO #
#                          LLED=3000 -DNWK_INDIRECT_MSG_TIMEOUT=7             #
#                          -DMAX_RREQ_ENTRIES=8 -DAPSC_MAX_FRAME_RETRIES=3    #
#                          -DNWK_MAX_DATA_RETRIES=2                           #
#                          -DMAX_POLL_FAILURE_RETRIES=2 -DMAX_BCAST=9         #
#                          -DAPS_MAX_GROUPS=16 -DMAX_RTG_ENTRIES=40           #
#                          -DNWK_MAX_BINDING_ENTRIES=4                        #
#                          -DMAX_BINDING_CLUSTER_IDS=4 "-DDEFAULT_KEY={0x01,  #
#                          0x03, 0x05, 0x07, 0x09, 0x0B, 0x0D, 0x0F, 0x00,    #
#                          0x02, 0x04, 0x06, 0x08, 0x0A, 0x0C, 0x0D}"         #
#                          -DMAC_MAX_FRAME_SIZE=116 "-DCONST=const __code"    #
#                          -DGENERIC=__generic -DRFD_RCVC_ALWAYS_ON=FALSE     #
#                          -DPOLL_RATE=1000 -DQUEUED_POLL_RATE=100            #
#                          -DRESPONSE_POLL_RATE=100) -DREJOIN_POLL_RATE=440   #
#                          F:\GitHub\ZigBee\ZStack-CC2530-2.3.0-1.4.0\Project #
#                          s\zstack\Samples\SimonApp\Source\SimonApp.c -D     #
#                          ZIGBEEPRO -D ZTOOL_P1 -D MT_TASK -D MT_SYS_FUNC    #
#                          -D MT_ZDO_FUNC -D LCD_SUPPORTED=DEBUG -lC          #
#                          F:\GitHub\ZigBee\ZStack-CC2530-2.3.0-1.4.0\Project #
#                          s\zstack\Samples\SimonApp\CC2530DB\RouterEB-Pro\Li #
#                          st\ -lA F:\GitHub\ZigBee\ZStack-CC2530-2.3.0-1.4.0 #
#                          \Projects\zstack\Samples\SimonApp\CC2530DB\RouterE #
#                          B-Pro\List\ --diag_suppress Pe001,Pa010 -o         #
#                          F:\GitHub\ZigBee\ZStack-CC2530-2.3.0-1.4.0\Project #
#                          s\zstack\Samples\SimonApp\CC2530DB\RouterEB-Pro\Ob #
#                          j\ -e --debug --core=plain --dptr=16,1             #
#                          --data_model=large --code_model=banked             #
#                          --calling_convention=xdata_reentrant               #
#                          --place_constants=data_rom --nr_virtual_regs 16    #
#                          -I F:\GitHub\ZigBee\ZStack-CC2530-2.3.0-1.4.0\Proj #
#                          ects\zstack\Samples\SimonApp\CC2530DB\ -I          #
#                          F:\GitHub\ZigBee\ZStack-CC2530-2.3.0-1.4.0\Project #
#                          s\zstack\Samples\SimonApp\CC2530DB\..\SOURCE\ -I   #
#                          F:\GitHub\ZigBee\ZStack-CC2530-2.3.0-1.4.0\Project #
#                          s\zstack\Samples\SimonApp\CC2530DB\..\..\..\ZMAIN\ #
#                          TI2530DB\ -I F:\GitHub\ZigBee\ZStack-CC2530-2.3.0- #
#                          1.4.0\Projects\zstack\Samples\SimonApp\CC2530DB\.. #
#                          \..\..\..\..\COMPONENTS\MT\ -I                     #
#                          F:\GitHub\ZigBee\ZStack-CC2530-2.3.0-1.4.0\Project #
#                          s\zstack\Samples\SimonApp\CC2530DB\..\..\..\..\..\ #
#                          COMPONENTS\HAL\INCLUDE\ -I                         #
#                          F:\GitHub\ZigBee\ZStack-CC2530-2.3.0-1.4.0\Project #
#                          s\zstack\Samples\SimonApp\CC2530DB\..\..\..\..\..\ #
#                          COMPONENTS\HAL\TARGET\CC2530EB\ -I                 #
#                          F:\GitHub\ZigBee\ZStack-CC2530-2.3.0-1.4.0\Project #
#                          s\zstack\Samples\SimonApp\CC2530DB\..\..\..\..\..\ #
#                          COMPONENTS\OSAL\MCU\CCSOC\ -I                      #
#                          F:\GitHub\ZigBee\ZStack-CC2530-2.3.0-1.4.0\Project #
#                          s\zstack\Samples\SimonApp\CC2530DB\..\..\..\..\..\ #
#                          COMPONENTS\OSAL\INCLUDE\ -I                        #
#                          F:\GitHub\ZigBee\ZStack-CC2530-2.3.0-1.4.0\Project #
#                          s\zstack\Samples\SimonApp\CC2530DB\..\..\..\..\..\ #
#                          COMPONENTS\STACK\AF\ -I F:\GitHub\ZigBee\ZStack-CC #
#                          2530-2.3.0-1.4.0\Projects\zstack\Samples\SimonApp\ #
#                          CC2530DB\..\..\..\..\..\COMPONENTS\STACK\NWK\ -I   #
#                          F:\GitHub\ZigBee\ZStack-CC2530-2.3.0-1.4.0\Project #
#                          s\zstack\Samples\SimonApp\CC2530DB\..\..\..\..\..\ #
#                          COMPONENTS\STACK\SEC\ -I                           #
#                          F:\GitHub\ZigBee\ZStack-CC2530-2.3.0-1.4.0\Project #
#                          s\zstack\Samples\SimonApp\CC2530DB\..\..\..\..\..\ #
#                          COMPONENTS\STACK\SAPI\ -I                          #
#                          F:\GitHub\ZigBee\ZStack-CC2530-2.3.0-1.4.0\Project #
#                          s\zstack\Samples\SimonApp\CC2530DB\..\..\..\..\..\ #
#                          COMPONENTS\STACK\SYS\ -I                           #
#                          F:\GitHub\ZigBee\ZStack-CC2530-2.3.0-1.4.0\Project #
#                          s\zstack\Samples\SimonApp\CC2530DB\..\..\..\..\..\ #
#                          COMPONENTS\STACK\ZDO\ -I                           #
#                          F:\GitHub\ZigBee\ZStack-CC2530-2.3.0-1.4.0\Project #
#                          s\zstack\Samples\SimonApp\CC2530DB\..\..\..\..\..\ #
#                          COMPONENTS\ZMAC\F8W\ -I F:\GitHub\ZigBee\ZStack-CC #
#                          2530-2.3.0-1.4.0\Projects\zstack\Samples\SimonApp\ #
#                          CC2530DB\..\..\..\..\..\COMPONENTS\ZMAC\ -I        #
#                          F:\GitHub\ZigBee\ZStack-CC2530-2.3.0-1.4.0\Project #
#                          s\zstack\Samples\SimonApp\CC2530DB\..\..\..\..\..\ #
#                          COMPONENTS\SERVICES\SADDR\ -I                      #
#                          F:\GitHub\ZigBee\ZStack-CC2530-2.3.0-1.4.0\Project #
#                          s\zstack\Samples\SimonApp\CC2530DB\..\..\..\..\..\ #
#                          COMPONENTS\SERVICES\SDATA\ -I                      #
#                          F:\GitHub\ZigBee\ZStack-CC2530-2.3.0-1.4.0\Project #
#                          s\zstack\Samples\SimonApp\CC2530DB\..\..\..\..\..\ #
#                          COMPONENTS\MAC\INCLUDE\ -I                         #
#                          F:\GitHub\ZigBee\ZStack-CC2530-2.3.0-1.4.0\Project #
#                          s\zstack\Samples\SimonApp\CC2530DB\..\..\..\..\..\ #
#                          COMPONENTS\MAC\HIGH_LEVEL\ -I                      #
#                          F:\GitHub\ZigBee\ZStack-CC2530-2.3.0-1.4.0\Project #
#                          s\zstack\Samples\SimonApp\CC2530DB\..\..\..\..\..\ #
#                          COMPONENTS\MAC\LOW_LEVEL\srf04\ -I                 #
#                          F:\GitHub\ZigBee\ZStack-CC2530-2.3.0-1.4.0\Project #
#                          s\zstack\Samples\SimonApp\CC2530DB\..\..\..\..\..\ #
#                          COMPONENTS\MAC\LOW_LEVEL\srf04\SINGLE_CHIP\ -Ohz   #
#                          --require_prototypes                               #
#    List file          =  F:\GitHub\ZigBee\ZStack-CC2530-2.3.0-1.4.0\Project #
#                          s\zstack\Samples\SimonApp\CC2530DB\RouterEB-Pro\Li #
#                          st\SimonApp.lst                                    #
#    Object file        =  F:\GitHub\ZigBee\ZStack-CC2530-2.3.0-1.4.0\Project #
#                          s\zstack\Samples\SimonApp\CC2530DB\RouterEB-Pro\Ob #
#                          j\SimonApp.r51                                     #
#                                                                             #
#                                                                             #
###############################################################################

F:\GitHub\ZigBee\ZStack-CC2530-2.3.0-1.4.0\Projects\zstack\Samples\SimonApp\Source\SimonApp.c
      1          /**************************************************************************************************
      2            Filename:       SimonApp.c
      3            Revised:        $Date: 2009-03-18 15:56:27 -0700 (Wed, 18 Mar 2009) $
      4            Revision:       $Revision: 19453 $
      5          
      6            Description:    Generic Application (no Profile).
      7          
      8          
      9            Copyright 2004-2009 Texas Instruments Incorporated. All rights reserved.
     10          
     11            IMPORTANT: Your use of this Software is limited to those specific rights
     12            granted under the terms of a software license agreement between the user
     13            who downloaded the software, his/her employer (which must be your employer)
     14            and Texas Instruments Incorporated (the "License").  You may not use this
     15            Software unless you agree to abide by the terms of the License. The License
     16            limits your use, and you acknowledge, that the Software may not be modified,
     17            copied or distributed unless embedded on a Texas Instruments microcontroller
     18            or used solely and exclusively in conjunction with a Texas Instruments radio
     19            frequency transceiver, which is integrated into your product.  Other than for
     20            the foregoing purpose, you may not use, reproduce, copy, prepare derivative
     21            works of, modify, distribute, perform, display or sell this Software and/or
     22            its documentation for any purpose.
     23          
     24            YOU FURTHER ACKNOWLEDGE AND AGREE THAT THE SOFTWARE AND DOCUMENTATION ARE
     25            PROVIDED “AS IS?WITHOUT WARRANTY OF ANY KIND, EITHER EXPRESS OR IMPLIED, 
     26            INCLUDING WITHOUT LIMITATION, ANY WARRANTY OF MERCHANTABILITY, TITLE, 
     27            NON-INFRINGEMENT AND FITNESS FOR A PARTICULAR PURPOSE. IN NO EVENT SHALL
     28            TEXAS INSTRUMENTS OR ITS LICENSORS BE LIABLE OR OBLIGATED UNDER CONTRACT,
     29            NEGLIGENCE, STRICT LIABILITY, CONTRIBUTION, BREACH OF WARRANTY, OR OTHER
     30            LEGAL EQUITABLE THEORY ANY DIRECT OR INDIRECT DAMAGES OR EXPENSES
     31            INCLUDING BUT NOT LIMITED TO ANY INCIDENTAL, SPECIAL, INDIRECT, PUNITIVE
     32            OR CONSEQUENTIAL DAMAGES, LOST PROFITS OR LOST DATA, COST OF PROCUREMENT
     33            OF SUBSTITUTE GOODS, TECHNOLOGY, SERVICES, OR ANY CLAIMS BY THIRD PARTIES
     34            (INCLUDING BUT NOT LIMITED TO ANY DEFENSE THEREOF), OR OTHER SIMILAR COSTS.
     35          
     36            Should you have any questions regarding your right to use this Software,
     37            contact Texas Instruments Incorporated at www.TI.com. 
     38          **************************************************************************************************/
     39          
     40          /*********************************************************************
     41            This application isn't intended to do anything useful, it is
     42            intended to be a simple example of an application's structure.
     43          
     44            This application sends "Hello World" to another "Generic"
     45            application every 15 seconds.  The application will also
     46            receive "Hello World" packets.
     47          
     48            The "Hello World" messages are sent/received as MSG type message.
     49          
     50            This applications doesn't have a profile, so it handles everything
     51            directly - itself.
     52          
     53            Key control:
     54              SW1:
     55              SW2:  initiates end device binding
     56              SW3:
     57              SW4:  initiates a match description request
     58          *********************************************************************/
     59          
     60          /*********************************************************************
     61           * INCLUDES
     62           */
     63          #include "OSAL.h"
     64          #include "AF.h"
     65          #include "ZDApp.h"
     66          #include "ZDObject.h"
     67          #include "ZDProfile.h"
     68          
     69          #include "SimonApp.h"
     70          #include "DebugTrace.h"
     71          
     72          #include "modules/74LS164_8LED.h" 
     73          
     74          #if !defined( WIN32 )
     75            #include "OnBoard.h"
     76          #endif
     77          
     78          /* HAL */
     79          #include "hal_lcd.h"
     80          #include "hal_led.h"
     81          #include "hal_key.h"
     82          #include "hal_uart.h"
     83          
     84          /*********************************************************************
     85           * MACROS
     86           */
     87          
     88          /*********************************************************************
     89           * CONSTANTS
     90           */
     91          
     92          /*********************************************************************
     93           * TYPEDEFS
     94           */
     95          
     96          /*********************************************************************
     97           * GLOBAL VARIABLES
     98           */
     99          
    100          // This list should be filled with Application specific Cluster IDs.

   \                                 In  segment XDATA_ROM_C, align 1
    101          const cId_t SimonApp_ClusterList[SimonApp_MAX_CLUSTERS] =
   \                     SimonApp_ClusterList:
   \   000000   0100         DW 1
    102          {
    103            SimonApp_CLUSTERID
    104          };
    105          

   \                                 In  segment XDATA_ROM_C, align 1
    106          const SimpleDescriptionFormat_t SimonApp_SimpleDesc =
   \                     SimonApp_SimpleDesc:
   \   000000   0A           DB 10
   \   000001   040F         DW 3844
   \   000003   0100         DW 1
   \   000005   00           DB 0
   \   000006   01           DB 1
   \   000007   ....         DW SimonApp_ClusterList
   \   000009   01           DB 1
   \   00000A   ....         DW SimonApp_ClusterList
    107          {
    108            SimonApp_ENDPOINT,              //  int Endpoint;
    109            SimonApp_PROFID,                //  uint16 AppProfId[2];
    110            SimonApp_DEVICEID,              //  uint16 AppDeviceId[2];
    111            SimonApp_DEVICE_VERSION,        //  int   AppDevVer:4;
    112            SimonApp_FLAGS,                 //  int   AppFlags:4;
    113            SimonApp_MAX_CLUSTERS,          //  byte  AppNumInClusters;
    114            (cId_t *)SimonApp_ClusterList,  //  byte *pAppInClusterList;
    115            SimonApp_MAX_CLUSTERS,          //  byte  AppNumInClusters;
    116            (cId_t *)SimonApp_ClusterList   //  byte *pAppInClusterList;
    117          };
    118          
    119          // This is the Endpoint/Interface description.  It is defined here, but
    120          // filled-in in SimonApp_Init().  Another way to go would be to fill
    121          // in the structure here and make it a "const" (in code space).  The
    122          // way it's defined in this sample app it is define in RAM.

   \                                 In  segment XDATA_Z, align 1, keep-with-next
    123          endPointDesc_t SimonApp_epDesc;
   \                     SimonApp_epDesc:
   \   000000                DS 6
   \   000006                REQUIRE __INIT_XDATA_Z
    124          
    125          /*********************************************************************
    126           * EXTERNAL VARIABLES
    127           */
    128          
    129          /*********************************************************************
    130           * EXTERNAL FUNCTIONS
    131           */
    132          
    133          /*********************************************************************
    134           * LOCAL VARIABLES
    135           */

   \                                 In  segment XDATA_Z, align 1, keep-with-next
    136          byte SimonApp_TaskID;   // Task ID for internal task/event processing
   \                     SimonApp_TaskID:
   \   000000                DS 1
   \   000001                REQUIRE __INIT_XDATA_Z
    137                                    // This variable will be received when
    138                                    // SimonApp_Init() is called.

   \                                 In  segment XDATA_Z, align 1, keep-with-next
    139          devStates_t SimonApp_NwkState;
   \                     SimonApp_NwkState:
   \   000000                DS 1
   \   000001                REQUIRE __INIT_XDATA_Z
    140          
    141          

   \                                 In  segment XDATA_Z, align 1, keep-with-next
    142          byte SimonApp_TransID;  // This is the unique message ID (counter)
   \                     SimonApp_TransID:
   \   000000                DS 1
   \   000001                REQUIRE __INIT_XDATA_Z
    143          

   \                                 In  segment XDATA_Z, align 1, keep-with-next
    144          afAddrType_t SimonApp_DstAddr;
   \                     SimonApp_DstAddr:
   \   000000                DS 12
   \   00000C                REQUIRE __INIT_XDATA_Z
    145          
    146          /*********************************************************************
    147           * LOCAL FUNCTIONS
    148           */
    149          void SimonApp_ProcessZDOMsgs( zdoIncomingMsg_t *inMsg );
    150          void SimonApp_HandleKeys( byte shift, byte keys );
    151          void SimonApp_MessageMSGCB( afIncomingMSGPacket_t *pckt );
    152          void SimonApp_SendTheMessage( void );
    153          
    154          /*********************************************************************
    155           * NETWORK LAYER CALLBACKS
    156           */
    157          
    158          /*********************************************************************
    159           * PUBLIC FUNCTIONS
    160           */
    161          
    162          /*********************************************************************
    163           * @fn      SimonApp_Init
    164           *
    165           * @brief   Initialization function for the Generic App Task.
    166           *          This is called during initialization and should contain
    167           *          any application specific initialization (ie. hardware
    168           *          initialization/setup, table initialization, power up
    169           *          notificaiton ... ).
    170           *
    171           * @param   task_id - the ID assigned by OSAL.  This ID should be
    172           *                    used to send messages and set timers.
    173           *
    174           * @return  none
    175           */

   \                                 In  segment BANKED_CODE, align 1, keep-with-next
    176          void SimonApp_Init( byte task_id )
   \                     SimonApp_Init:
    177          {
   \   000000   74F7         MOV     A,#-0x9
   \   000002   12....       LCALL   ?BANKED_ENTER_XDATA
   \   000005                ; Saved register size: 9
   \   000005                ; Auto size: 0
   \   000005   E9           MOV     A,R1
    178            SimonApp_TaskID = task_id;
   \   000006   90....       MOV     DPTR,#SimonApp_TaskID
   \   000009   F0           MOVX    @DPTR,A
    179            SimonApp_NwkState = DEV_INIT;
   \   00000A   90....       MOV     DPTR,#SimonApp_NwkState
   \   00000D   7401         MOV     A,#0x1
   \   00000F   F0           MOVX    @DPTR,A
    180            SimonApp_TransID = 0;
   \   000010   90....       MOV     DPTR,#SimonApp_TransID
   \   000013   E4           CLR     A
   \   000014   F0           MOVX    @DPTR,A
    181          
    182            // Device hardware initialization can be added here or in main() (Zmain.c).
    183            // If the hardware is application specific - add it here.
    184            // If the hardware is other parts of the device add it in main().
    185          
    186            SimonApp_DstAddr.addrMode = (afAddrMode_t)AddrNotPresent;
   \   000015   90....       MOV     DPTR,#SimonApp_DstAddr + 8
   \   000018   F0           MOVX    @DPTR,A
    187            SimonApp_DstAddr.endPoint = 0;
   \   000019   A3           INC     DPTR
   \   00001A   F0           MOVX    @DPTR,A
    188            SimonApp_DstAddr.addr.shortAddr = 0;
   \   00001B   90....       MOV     DPTR,#SimonApp_DstAddr
   \   00001E   F0           MOVX    @DPTR,A
   \   00001F   A3           INC     DPTR
   \   000020   F0           MOVX    @DPTR,A
    189          
    190            // Fill out the endpoint description.
    191            SimonApp_epDesc.endPoint = SimonApp_ENDPOINT;
   \   000021   90....       MOV     DPTR,#SimonApp_epDesc
   \   000024   740A         MOV     A,#0xa
   \   000026   F0           MOVX    @DPTR,A
    192            SimonApp_epDesc.task_id = &SimonApp_TaskID;
   \   000027   A3           INC     DPTR
   \   000028   74..         MOV     A,#SimonApp_TaskID & 0xff
   \   00002A   F0           MOVX    @DPTR,A
   \   00002B   A3           INC     DPTR
   \   00002C   74..         MOV     A,#(SimonApp_TaskID >> 8) & 0xff
   \   00002E   F0           MOVX    @DPTR,A
    193            SimonApp_epDesc.simpleDesc
    194                      = (SimpleDescriptionFormat_t *)&SimonApp_SimpleDesc;
   \   00002F   A3           INC     DPTR
   \   000030   74..         MOV     A,#SimonApp_SimpleDesc & 0xff
   \   000032   F0           MOVX    @DPTR,A
   \   000033   A3           INC     DPTR
   \   000034   74..         MOV     A,#(SimonApp_SimpleDesc >> 8) & 0xff
   \   000036   F0           MOVX    @DPTR,A
    195            SimonApp_epDesc.latencyReq = noLatencyReqs;
   \   000037   A3           INC     DPTR
   \   000038   E4           CLR     A
   \   000039   F0           MOVX    @DPTR,A
    196          
    197            // Register the endpoint description with the AF
    198            afRegister( &SimonApp_epDesc );
   \   00003A                ; Setup parameters for call to function afRegister
   \   00003A   7A..         MOV     R2,#SimonApp_epDesc & 0xff
   \   00003C   7B..         MOV     R3,#(SimonApp_epDesc >> 8) & 0xff
   \   00003E   12....       LCALL   ??afRegister?relay
    199          
    200            // Register for all key events - This app will handle all key events
    201            RegisterForKeys( SimonApp_TaskID );
   \   000041                ; Setup parameters for call to function RegisterForKeys
   \   000041   90....       MOV     DPTR,#SimonApp_TaskID
   \   000044   E0           MOVX    A,@DPTR
   \   000045   F9           MOV     R1,A
   \   000046   12....       LCALL   ??RegisterForKeys?relay
    202          
    203            // Update the display
    204          #if defined ( LCD_SUPPORTED )
    205              HalLcdWriteString( "SimonApp", HAL_LCD_LINE_1 );
   \   000049                ; Setup parameters for call to function HalLcdWriteString
   \   000049   7901         MOV     R1,#0x1
   \   00004B   7A..         MOV     R2,#`?<Constant "SimonApp">` & 0xff
   \   00004D   7B..         MOV     R3,#(`?<Constant "SimonApp">` >> 8) & 0xff
   \   00004F   12....       LCALL   ??HalLcdWriteString?relay
    206          #endif
    207              
    208            ZDO_RegisterForZDOMsg( SimonApp_TaskID, End_Device_Bind_rsp );
   \   000052                ; Setup parameters for call to function ZDO_RegisterForZDOMsg
   \   000052   7A20         MOV     R2,#0x20
   \   000054   7B80         MOV     R3,#-0x80
   \   000056   90....       MOV     DPTR,#SimonApp_TaskID
   \   000059   E0           MOVX    A,@DPTR
   \   00005A   F9           MOV     R1,A
   \   00005B   12....       LCALL   ??ZDO_RegisterForZDOMsg?relay
    209            ZDO_RegisterForZDOMsg( SimonApp_TaskID, Match_Desc_rsp );
   \   00005E                ; Setup parameters for call to function ZDO_RegisterForZDOMsg
   \   00005E   7A06         MOV     R2,#0x6
   \   000060   7B80         MOV     R3,#-0x80
   \   000062   90....       MOV     DPTR,#SimonApp_TaskID
   \   000065   E0           MOVX    A,@DPTR
   \   000066   F9           MOV     R1,A
   \   000067   12....       LCALL   ??ZDO_RegisterForZDOMsg?relay
    210          }
   \   00006A   7F01         MOV     R7,#0x1
   \   00006C   02....       LJMP    ?BANKED_LEAVE_XDATA
    211          
    212          /*********************************************************************
    213           * @fn      SimonApp_ProcessEvent
    214           *
    215           * @brief   Generic Application Task event processor.  This function
    216           *          is called to process all events for the task.  Events
    217           *          include timers, messages and any other user defined events.
    218           *
    219           * @param   task_id  - The OSAL assigned task ID.
    220           * @param   events - events to process.  This is a bit map and can
    221           *                   contain more than one event.
    222           *
    223           * @return  none
    224           */

   \                                 In  segment BANKED_CODE, align 1, keep-with-next
    225          UINT16 SimonApp_ProcessEvent( byte task_id, UINT16 events )
   \                     SimonApp_ProcessEvent:
    226          {
   \   000000   74F4         MOV     A,#-0xc
   \   000002   12....       LCALL   ?BANKED_ENTER_XDATA
   \   000005                ; Saved register size: 12
   \   000005                ; Auto size: 0
   \   000005   8A..         MOV     ?V0 + 0,R2
   \   000007   8B..         MOV     ?V0 + 1,R3
    227            afIncomingMSGPacket_t *MSGpkt;
    228            afDataConfirm_t *afDataConfirm;
    229          
    230            // Data Confirmation message fields
    231            byte sentEP;
    232            ZStatus_t sentStatus;
    233            byte sentTransID;       // This should match the value sent
    234            (void)task_id;  // Intentionally unreferenced parameter
    235          
    236            if ( events & SYS_EVENT_MSG )
   \   000009   EB           MOV     A,R3
   \   00000A   5480         ANL     A,#0x80
   \   00000C   7003         JNZ     $+5
   \   00000E   02....       LJMP    ??SimonApp_ProcessEvent_0 & 0xFFFF
    237            {
    238              MSGpkt = (afIncomingMSGPacket_t *)osal_msg_receive( SimonApp_TaskID );
   \   000011                ; Setup parameters for call to function osal_msg_receive
   \   000011   8030         SJMP    ??SimonApp_ProcessEvent_1
    239              while ( MSGpkt )
    240              {
    241                switch ( MSGpkt->hdr.event )
    242                {
    243                  case ZDO_CB_MSG:
    244                    SimonApp_ProcessZDOMsgs( (zdoIncomingMsg_t *)MSGpkt );
    245                    break;
    246                    
    247                  case KEY_CHANGE:
    248                    SimonApp_HandleKeys( ((keyChange_t *)MSGpkt)->state, ((keyChange_t *)MSGpkt)->keys );
    249                    break;
    250          
    251                  case AF_DATA_CONFIRM_CMD:
    252                    // This message is received as a confirmation of a data packet sent.
    253                    // The status is of ZStatus_t type [defined in ZComDef.h]
    254                    // The message fields are defined in AF.h
    255                    afDataConfirm = (afDataConfirm_t *)MSGpkt;
    256                    sentEP = afDataConfirm->endpoint;
    257                    sentStatus = afDataConfirm->hdr.status;
    258                    sentTransID = afDataConfirm->transID;
    259                    (void)sentEP;
    260                    (void)sentTransID;
    261          
    262                    // Action taken when confirmation is received.
    263                    if ( sentStatus != ZSuccess )
    264                    {
    265                      // The data wasn't delivered -- Do something
    266                    }
    267                    break;
    268          
    269                  case AF_INCOMING_MSG_CMD:
    270                    SimonApp_MessageMSGCB( MSGpkt );
    271                    break;
    272          
    273                  case ZDO_STATE_CHANGE:
    274                    SimonApp_NwkState = (devStates_t)(MSGpkt->hdr.status);
   \                     ??SimonApp_ProcessEvent_2:
   \   000013   A3           INC     DPTR
   \   000014   E0           MOVX    A,@DPTR
   \   000015   90....       MOV     DPTR,#SimonApp_NwkState
   \   000018   F0           MOVX    @DPTR,A
    275                    if ( (SimonApp_NwkState == DEV_ZB_COORD)
    276                        || (SimonApp_NwkState == DEV_ROUTER)
    277                        || (SimonApp_NwkState == DEV_END_DEVICE) )
    278                    {
    279                      // Start sending "the" message in a regular interval.
    280          //            osal_start_timerEx( SimonApp_TaskID,
    281          //                                SimonApp_SEND_MSG_EVT,
    282          //                              SimonApp_SEND_MSG_TIMEOUT );
    283                    }
    284                    
    285                    if(SimonApp_NwkState == DEV_ZB_COORD)
   \   000019   6409         XRL     A,#0x9
   \   00001B   7005         JNZ     ??SimonApp_ProcessEvent_3
    286                    {
    287                      LS164_BYTE(11);
   \   00001D                ; Setup parameters for call to function LS164_BYTE
   \   00001D   790B         MOV     R1,#0xb
   \   00001F   12....       LCALL   ??LS164_BYTE?relay
    288                 
    289                    }
    290                    
    291                    if(SimonApp_NwkState == DEV_ROUTER)
   \                     ??SimonApp_ProcessEvent_3:
   \   000022   90....       MOV     DPTR,#SimonApp_NwkState
   \   000025   E0           MOVX    A,@DPTR
   \   000026   6407         XRL     A,#0x7
   \   000028   7005         JNZ     ??SimonApp_ProcessEvent_4
    292                    {
    293                       LS164_BYTE(12);
   \   00002A                ; Setup parameters for call to function LS164_BYTE
   \   00002A   790C         MOV     R1,#0xc
   \   00002C   12....       LCALL   ??LS164_BYTE?relay
    294                      
    295                    }
    296                    
    297                    if(SimonApp_NwkState == DEV_END_DEVICE)
   \                     ??SimonApp_ProcessEvent_4:
   \   00002F   90....       MOV     DPTR,#SimonApp_NwkState
   \   000032   E0           MOVX    A,@DPTR
   \   000033   6406         XRL     A,#0x6
   \   000035   7005         JNZ     ??SimonApp_ProcessEvent_5
    298                    {
    299                      
    300                       LS164_BYTE(13);
   \   000037                ; Setup parameters for call to function LS164_BYTE
   \   000037   790D         MOV     R1,#0xd
   \   000039   12....       LCALL   ??LS164_BYTE?relay
    301                    }
    302                    break;
    303          
    304                  default:
    305                    break;
    306                }
    307          
    308                // Release the memory
    309                osal_msg_deallocate( (uint8 *)MSGpkt );
   \                     ??SimonApp_ProcessEvent_5:
   \   00003C                ; Setup parameters for call to function osal_msg_deallocate
   \   00003C   EE           MOV     A,R6
   \   00003D   FA           MOV     R2,A
   \   00003E   EF           MOV     A,R7
   \   00003F   FB           MOV     R3,A
   \   000040   12....       LCALL   ??osal_msg_deallocate?relay
    310          
    311                // Next
    312                MSGpkt = (afIncomingMSGPacket_t *)osal_msg_receive( SimonApp_TaskID );
   \   000043                ; Setup parameters for call to function osal_msg_receive
   \                     ??SimonApp_ProcessEvent_1:
   \   000043   90....       MOV     DPTR,#SimonApp_TaskID
   \   000046   E0           MOVX    A,@DPTR
   \   000047   F9           MOV     R1,A
   \   000048   12....       LCALL   ??osal_msg_receive?relay
   \   00004B   8A..         MOV     ?V0 + 2,R2
   \   00004D   8B..         MOV     ?V0 + 3,R3
   \   00004F   AE..         MOV     R6,?V0 + 2
   \   000051   AF..         MOV     R7,?V0 + 3
   \   000053   EE           MOV     A,R6
   \   000054   4F           ORL     A,R7
   \   000055   603B         JZ      ??SimonApp_ProcessEvent_6
   \   000057   8E82         MOV     DPL,R6
   \   000059   8F83         MOV     DPH,R7
   \   00005B   E0           MOVX    A,@DPTR
   \   00005C   2440         ADD     A,#0x40
   \   00005E   6017         JZ      ??SimonApp_ProcessEvent_7
   \   000060   24EF         ADD     A,#-0x11
   \   000062   60AF         JZ      ??SimonApp_ProcessEvent_2
   \   000064   24FE         ADD     A,#-0x2
   \   000066   6006         JZ      ??SimonApp_ProcessEvent_8
   \   000068   24B9         ADD     A,#-0x47
   \   00006A   601D         JZ      ??SimonApp_ProcessEvent_9
   \   00006C   80CE         SJMP    ??SimonApp_ProcessEvent_5
   \                     ??SimonApp_ProcessEvent_8:
   \   00006E                ; Setup parameters for call to function SimonApp_ProcessZDOMsgs
   \   00006E   EE           MOV     A,R6
   \   00006F   FA           MOV     R2,A
   \   000070   EF           MOV     A,R7
   \   000071   FB           MOV     R3,A
   \   000072   12....       LCALL   ??SimonApp_ProcessZDOMsgs?relay
   \   000075   80C5         SJMP    ??SimonApp_ProcessEvent_5
   \                     ??SimonApp_ProcessEvent_7:
   \   000077                ; Setup parameters for call to function SimonApp_HandleKeys
   \   000077   A3           INC     DPTR
   \   000078   A3           INC     DPTR
   \   000079   A3           INC     DPTR
   \   00007A   E0           MOVX    A,@DPTR
   \   00007B   FA           MOV     R2,A
   \   00007C   8E82         MOV     DPL,R6
   \   00007E   8F83         MOV     DPH,R7
   \   000080   A3           INC     DPTR
   \   000081   A3           INC     DPTR
   \   000082   E0           MOVX    A,@DPTR
   \   000083   F9           MOV     R1,A
   \   000084   12....       LCALL   ??SimonApp_HandleKeys?relay
   \   000087   80B3         SJMP    ??SimonApp_ProcessEvent_5
   \                     ??SimonApp_ProcessEvent_9:
   \   000089                ; Setup parameters for call to function SimonApp_MessageMSGCB
   \   000089   EE           MOV     A,R6
   \   00008A   FA           MOV     R2,A
   \   00008B   EF           MOV     A,R7
   \   00008C   FB           MOV     R3,A
   \   00008D   12....       LCALL   ??SimonApp_MessageMSGCB?relay
   \   000090   80AA         SJMP    ??SimonApp_ProcessEvent_5
    313              }
    314          
    315              // return unprocessed events
    316              return (events ^ SYS_EVENT_MSG);
   \                     ??SimonApp_ProcessEvent_6:
   \   000092   AA..         MOV     R2,?V0 + 0
   \   000094   E5..         MOV     A,?V0 + 1
   \   000096   6480         XRL     A,#0x80
   \   000098   FB           MOV     R3,A
   \   000099   8025         SJMP    ??SimonApp_ProcessEvent_10
    317            }
    318          
    319            // Send a message out - This event is generated by a timer
    320            //  (setup in SimonApp_Init()).
    321            if ( events & SimonApp_SEND_MSG_EVT )
   \                     ??SimonApp_ProcessEvent_0:
   \   00009B   EA           MOV     A,R2
   \   00009C   A2E0         MOV     C,0xE0 /* A   */.0
   \   00009E   501C         JNC     ??SimonApp_ProcessEvent_11
    322            {
    323              // Send "the" message
    324              SimonApp_SendTheMessage();
   \   0000A0                ; Setup parameters for call to function SimonApp_SendTheMessage
   \   0000A0   12....       LCALL   ??SimonApp_SendTheMessage?relay
    325          
    326              // Setup to send message again
    327              osal_start_timerEx( SimonApp_TaskID,
    328                                  SimonApp_SEND_MSG_EVT,
    329                                SimonApp_SEND_MSG_TIMEOUT );
   \   0000A3                ; Setup parameters for call to function osal_start_timerEx
   \   0000A3   7C88         MOV     R4,#-0x78
   \   0000A5   7D13         MOV     R5,#0x13
   \   0000A7   7A01         MOV     R2,#0x1
   \   0000A9   7B00         MOV     R3,#0x0
   \   0000AB   90....       MOV     DPTR,#SimonApp_TaskID
   \   0000AE   E0           MOVX    A,@DPTR
   \   0000AF   F9           MOV     R1,A
   \   0000B0   12....       LCALL   ??osal_start_timerEx?relay
    330          
    331              // return unprocessed events
    332              return (events ^ SimonApp_SEND_MSG_EVT);
   \   0000B3   E5..         MOV     A,?V0 + 0
   \   0000B5   6401         XRL     A,#0x1
   \   0000B7   FA           MOV     R2,A
   \   0000B8   AB..         MOV     R3,?V0 + 1
   \   0000BA   8004         SJMP    ??SimonApp_ProcessEvent_10
    333            }
    334          
    335            // Discard unknown events
    336            return 0;
   \                     ??SimonApp_ProcessEvent_11:
   \   0000BC   7A00         MOV     R2,#0x0
   \   0000BE   7B00         MOV     R3,#0x0
   \                     ??SimonApp_ProcessEvent_10:
   \   0000C0                REQUIRE ?Subroutine0
   \   0000C0                ; // Fall through to label ?Subroutine0
    337          }

   \                                 In  segment BANKED_CODE, align 1, keep-with-next
   \                     ?Subroutine0:
   \   000000   7F04         MOV     R7,#0x4
   \   000002   02....       LJMP    ?BANKED_LEAVE_XDATA
    338          
    339          /*********************************************************************
    340           * Event Generation Functions
    341           */
    342          
    343          /*********************************************************************
    344           * @fn      SimonApp_ProcessZDOMsgs()
    345           *
    346           * @brief   Process response messages
    347           *
    348           * @param   none
    349           *
    350           * @return  none
    351           */

   \                                 In  segment BANKED_CODE, align 1, keep-with-next
    352          void SimonApp_ProcessZDOMsgs( zdoIncomingMsg_t *inMsg )
   \                     SimonApp_ProcessZDOMsgs:
    353          {
   \   000000   74F6         MOV     A,#-0xa
   \   000002   12....       LCALL   ?BANKED_ENTER_XDATA
   \   000005                ; Saved register size: 10
   \   000005                ; Auto size: 0
    354            switch ( inMsg->clusterID )
   \   000005   EA           MOV     A,R2
   \   000006   240C         ADD     A,#0xc
   \   000008   F582         MOV     DPL,A
   \   00000A   EB           MOV     A,R3
   \   00000B   3400         ADDC    A,#0x0
   \   00000D   F583         MOV     DPH,A
   \   00000F   E0           MOVX    A,@DPTR
   \   000010   F5..         MOV     ?V0 + 0,A
   \   000012   A3           INC     DPTR
   \   000013   E0           MOVX    A,@DPTR
   \   000014   F5..         MOV     ?V0 + 1,A
   \   000016   78..         MOV     R0,#?V0 + 0
   \   000018   12....       LCALL   ?US_SWITCH_SPARSE
   \                     `?<Jumptable for SimonApp_ProcessZDOMsgs>_0`:
   \   00001B   0000         DW        0
   \   00001D   0200         DW        2
   \   00001F   0680         DW        32774
   \   000021   ....         DW        ??SimonApp_ProcessZDOMsgs_0
   \   000023   2080         DW        32800
   \   000025   ....         DW        ??SimonApp_ProcessZDOMsgs_1
   \   000027   ....         DW        ??SimonApp_ProcessZDOMsgs_2
    355            {
    356              case End_Device_Bind_rsp:
    357                if ( ZDO_ParseBindRsp( inMsg ) == ZSuccess )
   \                     ??SimonApp_ProcessZDOMsgs_1:
   \   000029   EA           MOV     A,R2
   \   00002A   2413         ADD     A,#0x13
   \   00002C   F582         MOV     DPL,A
   \   00002E   EB           MOV     A,R3
   \   00002F   3400         ADDC    A,#0x0
   \   000031   F583         MOV     DPH,A
   \   000033   E0           MOVX    A,@DPTR
   \   000034   F8           MOV     R0,A
   \   000035   A3           INC     DPTR
   \   000036   E0           MOVX    A,@DPTR
   \   000037   F583         MOV     DPH,A
   \   000039   8882         MOV     DPL,R0
   \   00003B   E0           MOVX    A,@DPTR
   \   00003C   7009         JNZ     ??SimonApp_ProcessZDOMsgs_3
    358                {
    359                  // Light LED
    360                  HalLedSet( HAL_LED_4, HAL_LED_MODE_ON );
   \   00003E                ; Setup parameters for call to function HalLedSet
   \   00003E   7A01         MOV     R2,#0x1
   \                     ??SimonApp_ProcessZDOMsgs_4:
   \   000040   7908         MOV     R1,#0x8
   \   000042   12....       LCALL   ??HalLedSet?relay
   \   000045   8053         SJMP    ??SimonApp_ProcessZDOMsgs_2
    361                }
    362          #if defined(BLINK_LEDS)
    363                else
    364                {
    365                  // Flash LED to show failure
    366                  HalLedSet ( HAL_LED_4, HAL_LED_MODE_FLASH );
   \                     ??SimonApp_ProcessZDOMsgs_3:
   \   000047                ; Setup parameters for call to function HalLedSet
   \   000047   7A04         MOV     R2,#0x4
   \   000049   80F5         SJMP    ??SimonApp_ProcessZDOMsgs_4
    367                }
    368          #endif
    369                break;
    370          
    371              case Match_Desc_rsp:
    372                {
    373                  ZDO_ActiveEndpointRsp_t *pRsp = ZDO_ParseEPListRsp( inMsg );
   \                     ??SimonApp_ProcessZDOMsgs_0:
   \   00004B                ; Setup parameters for call to function ZDO_ParseEPListRsp
   \   00004B   12....       LCALL   ??ZDO_ParseEPListRsp?relay
   \   00004E   8A..         MOV     ?V0 + 0,R2
   \   000050   8B..         MOV     ?V0 + 1,R3
   \   000052   AE..         MOV     R6,?V0 + 0
   \   000054   AF..         MOV     R7,?V0 + 1
    374                  if ( pRsp )
   \   000056   EE           MOV     A,R6
   \   000057   4F           ORL     A,R7
   \   000058   6040         JZ      ??SimonApp_ProcessZDOMsgs_2
    375                  {
    376                    if ( pRsp->status == ZSuccess && pRsp->cnt )
   \   00005A   8E82         MOV     DPL,R6
   \   00005C   8F83         MOV     DPH,R7
   \   00005E   E0           MOVX    A,@DPTR
   \   00005F   7032         JNZ     ??SimonApp_ProcessZDOMsgs_5
   \   000061   A3           INC     DPTR
   \   000062   A3           INC     DPTR
   \   000063   A3           INC     DPTR
   \   000064   E0           MOVX    A,@DPTR
   \   000065   602C         JZ      ??SimonApp_ProcessZDOMsgs_5
    377                    {
    378                      SimonApp_DstAddr.addrMode = (afAddrMode_t)Addr16Bit;
   \   000067   90....       MOV     DPTR,#SimonApp_DstAddr + 8
   \   00006A   7402         MOV     A,#0x2
   \   00006C   F0           MOVX    @DPTR,A
    379                      SimonApp_DstAddr.addr.shortAddr = pRsp->nwkAddr;
   \   00006D   8E82         MOV     DPL,R6
   \   00006F   8F83         MOV     DPH,R7
   \   000071   A3           INC     DPTR
   \   000072   E0           MOVX    A,@DPTR
   \   000073   F8           MOV     R0,A
   \   000074   A3           INC     DPTR
   \   000075   E0           MOVX    A,@DPTR
   \   000076   F9           MOV     R1,A
   \   000077   90....       MOV     DPTR,#SimonApp_DstAddr
   \   00007A   E8           MOV     A,R0
   \   00007B   F0           MOVX    @DPTR,A
   \   00007C   A3           INC     DPTR
   \   00007D   E9           MOV     A,R1
   \   00007E   F0           MOVX    @DPTR,A
    380                      // Take the first endpoint, Can be changed to search through endpoints
    381                      SimonApp_DstAddr.endPoint = pRsp->epList[0];
   \   00007F   8E82         MOV     DPL,R6
   \   000081   8F83         MOV     DPH,R7
   \   000083   A3           INC     DPTR
   \   000084   A3           INC     DPTR
   \   000085   A3           INC     DPTR
   \   000086   A3           INC     DPTR
   \   000087   E0           MOVX    A,@DPTR
   \   000088   90....       MOV     DPTR,#SimonApp_DstAddr + 9
   \   00008B   F0           MOVX    @DPTR,A
    382          
    383                      // Light LED
    384                      HalLedSet( HAL_LED_4, HAL_LED_MODE_ON );
   \   00008C                ; Setup parameters for call to function HalLedSet
   \   00008C   7A01         MOV     R2,#0x1
   \   00008E   7908         MOV     R1,#0x8
   \   000090   12....       LCALL   ??HalLedSet?relay
    385                    }
    386                    osal_mem_free( pRsp );
   \                     ??SimonApp_ProcessZDOMsgs_5:
   \   000093                ; Setup parameters for call to function osal_mem_free
   \   000093   EE           MOV     A,R6
   \   000094   FA           MOV     R2,A
   \   000095   EF           MOV     A,R7
   \   000096   FB           MOV     R3,A
   \   000097   12....       LCALL   ??osal_mem_free?relay
    387                  }
    388                }
    389                break;
    390            }
    391          }
   \                     ??SimonApp_ProcessZDOMsgs_2:
   \   00009A                REQUIRE ?Subroutine1
   \   00009A                ; // Fall through to label ?Subroutine1

   \                                 In  segment BANKED_CODE, align 1, keep-with-next
   \                     ?Subroutine1:
   \   000000   7F02         MOV     R7,#0x2
   \   000002   02....       LJMP    ?BANKED_LEAVE_XDATA
    392          
    393          /*********************************************************************
    394           * @fn      SimonApp_HandleKeys
    395           *
    396           * @brief   Handles all key events for this device.
    397           *
    398           * @param   shift - true if in shift/alt.
    399           * @param   keys - bit field for key events. Valid entries:
    400           *                 HAL_KEY_SW_4
    401           *                 HAL_KEY_SW_3
    402           *                 HAL_KEY_SW_2
    403           *                 HAL_KEY_SW_1
    404           *
    405           * @return  none
    406           */

   \                                 In  segment BANKED_CODE, align 1, keep-with-next
    407          void SimonApp_HandleKeys( byte shift, byte keys )
   \                     SimonApp_HandleKeys:
    408          {
   \   000000   74F4         MOV     A,#-0xc
   \   000002   12....       LCALL   ?BANKED_ENTER_XDATA
   \   000005                ; Saved register size: 12
   \   000005                ; Auto size: 9
   \   000005   74F7         MOV     A,#-0x9
   \   000007   12....       LCALL   ?ALLOC_XSTACK8
   \   00000A   E9           MOV     A,R1
   \   00000B   FE           MOV     R6,A
   \   00000C   EA           MOV     A,R2
   \   00000D   FF           MOV     R7,A
    409            zAddrType_t dstAddr;
    410            
    411            // Shift is used to make each button/switch dual purpose.
    412            if ( shift )
   \   00000E   EE           MOV     A,R6
   \   00000F   6003         JZ      $+5
   \   000011   02....       LJMP    ??SimonApp_HandleKeys_0 & 0xFFFF
    413            {
    414              if ( keys & HAL_KEY_SW_1 )
    415              {
    416              }
    417              if ( keys & HAL_KEY_SW_2 )
    418              {
    419              }
    420              if ( keys & HAL_KEY_SW_3 )
    421              {
    422              }
    423              if ( keys & HAL_KEY_SW_4 )
    424              {
    425              }
    426            }
    427            else
    428            {
    429              if ( keys & HAL_KEY_SW_1 )
    430              {
    431              }
    432          
    433              if ( keys & HAL_KEY_SW_2 )
   \   000014   75....       MOV     ?V0 + 0,#SimonApp_ClusterList & 0xff
   \   000017   75....       MOV     ?V0 + 1,#(SimonApp_ClusterList >> 8) & 0xff
   \   00001A   EF           MOV     A,R7
   \   00001B   A2E1         MOV     C,0xE0 /* A   */.1
   \   00001D   5064         JNC     ??SimonApp_HandleKeys_1
    434              {
    435                HalLedSet ( HAL_LED_4, HAL_LED_MODE_OFF );
   \   00001F                ; Setup parameters for call to function HalLedSet
   \   00001F   7A00         MOV     R2,#0x0
   \   000021   7908         MOV     R1,#0x8
   \   000023   12....       LCALL   ??HalLedSet?relay
    436          
    437                // Initiate an End Device Bind Request for the mandatory endpoint
    438                dstAddr.addrMode = Addr16Bit;
   \   000026   7408         MOV     A,#0x8
   \   000028   12....       LCALL   ?XSTACK_DISP0_8
   \   00002B   7402         MOV     A,#0x2
   \   00002D   F0           MOVX    @DPTR,A
    439                dstAddr.addr.shortAddr = 0x0000; // Coordinator
   \   00002E   85..82       MOV     DPL,?XSP + 0
   \   000031   85..83       MOV     DPH,?XSP + 1
   \   000034   E4           CLR     A
   \   000035   F0           MOVX    @DPTR,A
   \   000036   A3           INC     DPTR
   \   000037   F0           MOVX    @DPTR,A
    440                ZDP_EndDeviceBindReq( &dstAddr, NLME_GetShortAddr(), 
    441                                      SimonApp_epDesc.endPoint,
    442                                      SimonApp_PROFID,
    443                                      SimonApp_MAX_CLUSTERS, (cId_t *)SimonApp_ClusterList,
    444                                      SimonApp_MAX_CLUSTERS, (cId_t *)SimonApp_ClusterList,
    445                                      FALSE );
   \   000038                ; Setup parameters for call to function NLME_GetShortAddr
   \   000038   12....       LCALL   ??NLME_GetShortAddr?relay
   \   00003B   8A..         MOV     ?V0 + 2,R2
   \   00003D   8B..         MOV     ?V0 + 3,R3
   \   00003F   AC..         MOV     R4,?V0 + 2
   \   000041   AD..         MOV     R5,?V0 + 3
   \   000043                ; Setup parameters for call to function ZDP_EndDeviceBindReq
   \   000043   75..00       MOV     ?V0 + 2,#0x0
   \   000046   78..         MOV     R0,#?V0 + 2
   \   000048   12....       LCALL   ?PUSH_XSTACK_I_ONE
   \   00004B   78..         MOV     R0,#?V0 + 0
   \   00004D   12....       LCALL   ?PUSH_XSTACK_I_TWO
   \   000050   75..01       MOV     ?V0 + 2,#0x1
   \   000053   78..         MOV     R0,#?V0 + 2
   \   000055   12....       LCALL   ?PUSH_XSTACK_I_ONE
   \   000058   78..         MOV     R0,#?V0 + 0
   \   00005A   12....       LCALL   ?PUSH_XSTACK_I_TWO
   \   00005D   78..         MOV     R0,#?V0 + 2
   \   00005F   12....       LCALL   ?PUSH_XSTACK_I_ONE
   \   000062   75..04       MOV     ?V0 + 2,#0x4
   \   000065   75..0F       MOV     ?V0 + 3,#0xf
   \   000068   78..         MOV     R0,#?V0 + 2
   \   00006A   12....       LCALL   ?PUSH_XSTACK_I_TWO
   \   00006D   90....       MOV     DPTR,#SimonApp_epDesc
   \   000070   E0           MOVX    A,@DPTR
   \   000071   F9           MOV     R1,A
   \   000072   7409         MOV     A,#0x9
   \   000074   12....       LCALL   ?XSTACK_DISP0_8
   \   000077   AA82         MOV     R2,DPL
   \   000079   AB83         MOV     R3,DPH
   \   00007B   12....       LCALL   ??ZDP_EndDeviceBindReq?relay
   \   00007E   7409         MOV     A,#0x9
   \   000080   12....       LCALL   ?DEALLOC_XSTACK8
    446              }
    447          
    448              if ( keys & HAL_KEY_SW_3 )
    449              {
    450              }
    451          
    452              if ( keys & HAL_KEY_SW_4 )
   \                     ??SimonApp_HandleKeys_1:
   \   000083   EF           MOV     A,R7
   \   000084   A2E3         MOV     C,0xE0 /* A   */.3
   \   000086   5056         JNC     ??SimonApp_HandleKeys_0
    453              {
    454                HalLedSet ( HAL_LED_4, HAL_LED_MODE_OFF );
   \   000088                ; Setup parameters for call to function HalLedSet
   \   000088   7A00         MOV     R2,#0x0
   \   00008A   7908         MOV     R1,#0x8
   \   00008C   12....       LCALL   ??HalLedSet?relay
    455                // Initiate a Match Description Request (Service Discovery)
    456                dstAddr.addrMode = AddrBroadcast;
   \   00008F   7408         MOV     A,#0x8
   \   000091   12....       LCALL   ?XSTACK_DISP0_8
   \   000094   740F         MOV     A,#0xf
   \   000096   F0           MOVX    @DPTR,A
    457                dstAddr.addr.shortAddr = NWK_BROADCAST_SHORTADDR;
   \   000097   85..82       MOV     DPL,?XSP + 0
   \   00009A   85..83       MOV     DPH,?XSP + 1
   \   00009D   74FF         MOV     A,#-0x1
   \   00009F   F0           MOVX    @DPTR,A
   \   0000A0   A3           INC     DPTR
   \   0000A1   F0           MOVX    @DPTR,A
    458                ZDP_MatchDescReq( &dstAddr, NWK_BROADCAST_SHORTADDR,
    459                                  SimonApp_PROFID,
    460                                  SimonApp_MAX_CLUSTERS, (cId_t *)SimonApp_ClusterList,
    461                                  SimonApp_MAX_CLUSTERS, (cId_t *)SimonApp_ClusterList,
    462                                  FALSE );
   \   0000A2                ; Setup parameters for call to function ZDP_MatchDescReq
   \   0000A2   75..00       MOV     ?V0 + 2,#0x0
   \   0000A5   78..         MOV     R0,#?V0 + 2
   \   0000A7   12....       LCALL   ?PUSH_XSTACK_I_ONE
   \   0000AA   78..         MOV     R0,#?V0 + 0
   \   0000AC   12....       LCALL   ?PUSH_XSTACK_I_TWO
   \   0000AF   75..01       MOV     ?V0 + 2,#0x1
   \   0000B2   78..         MOV     R0,#?V0 + 2
   \   0000B4   12....       LCALL   ?PUSH_XSTACK_I_ONE
   \   0000B7   78..         MOV     R0,#?V0 + 0
   \   0000B9   12....       LCALL   ?PUSH_XSTACK_I_TWO
   \   0000BC   75..04       MOV     ?V0 + 0,#0x4
   \   0000BF   75..0F       MOV     ?V0 + 1,#0xf
   \   0000C2   78..         MOV     R0,#?V0 + 0
   \   0000C4   12....       LCALL   ?PUSH_XSTACK_I_TWO
   \   0000C7   7901         MOV     R1,#0x1
   \   0000C9   7CFF         MOV     R4,#-0x1
   \   0000CB   7DFF         MOV     R5,#-0x1
   \   0000CD   7408         MOV     A,#0x8
   \   0000CF   12....       LCALL   ?XSTACK_DISP0_8
   \   0000D2   AA82         MOV     R2,DPL
   \   0000D4   AB83         MOV     R3,DPH
   \   0000D6   12....       LCALL   ??ZDP_MatchDescReq?relay
   \   0000D9   7408         MOV     A,#0x8
   \   0000DB   12....       LCALL   ?DEALLOC_XSTACK8
    463              }
    464            }
    465          }
   \                     ??SimonApp_HandleKeys_0:
   \   0000DE   7409         MOV     A,#0x9
   \   0000E0   12....       LCALL   ?DEALLOC_XSTACK8
   \   0000E3   02....       LJMP    ?Subroutine0 & 0xFFFF
    466          
    467          /*********************************************************************
    468           * LOCAL FUNCTIONS
    469           */
    470          
    471          /*********************************************************************
    472           * @fn      SimonApp_MessageMSGCB
    473           *
    474           * @brief   Data message processor callback.  This function processes
    475           *          any incoming data - probably from other devices.  So, based
    476           *          on cluster ID, perform the intended action.
    477           *
    478           * @param   none
    479           *
    480           * @return  none
    481           */

   \                                 In  segment BANKED_CODE, align 1, keep-with-next
    482          void SimonApp_MessageMSGCB( afIncomingMSGPacket_t *pkt )
   \                     SimonApp_MessageMSGCB:
    483          {
   \   000000   C082         PUSH    DPL
   \   000002   C083         PUSH    DPH
   \   000004                ; Saved register size: 2
   \   000004                ; Auto size: 0
    484            switch ( pkt->clusterId )
   \   000004   8A82         MOV     DPL,R2
   \   000006   8B83         MOV     DPH,R3
   \   000008   A3           INC     DPTR
   \   000009   A3           INC     DPTR
   \   00000A   A3           INC     DPTR
   \   00000B   A3           INC     DPTR
   \   00000C   E0           MOVX    A,@DPTR
   \   00000D   6401         XRL     A,#0x1
   \   00000F   7002         JNZ     ??SimonApp_MessageMSGCB_0
   \   000011   A3           INC     DPTR
   \   000012   E0           MOVX    A,@DPTR
   \                     ??SimonApp_MessageMSGCB_0:
   \   000013   7016         JNZ     ??SimonApp_MessageMSGCB_1
    485            {
    486              case SimonApp_CLUSTERID:
    487                // "the" message
    488          #if defined( LCD_SUPPORTED )
    489                HalLcdWriteScreen( (char*)pkt->cmd.Data, "rcvd" );
   \   000015                ; Setup parameters for call to function HalLcdWriteScreen
   \   000015   7C..         MOV     R4,#`?<Constant "rcvd">` & 0xff
   \   000017   7D..         MOV     R5,#(`?<Constant "rcvd">` >> 8) & 0xff
   \   000019   EA           MOV     A,R2
   \   00001A   2421         ADD     A,#0x21
   \   00001C   F582         MOV     DPL,A
   \   00001E   EB           MOV     A,R3
   \   00001F   3400         ADDC    A,#0x0
   \   000021   F583         MOV     DPH,A
   \   000023   E0           MOVX    A,@DPTR
   \   000024   FA           MOV     R2,A
   \   000025   A3           INC     DPTR
   \   000026   E0           MOVX    A,@DPTR
   \   000027   FB           MOV     R3,A
   \   000028   12....       LCALL   ??HalLcdWriteScreen?relay
    490          #elif defined( WIN32 )
    491                WPRINTSTR( pkt->cmd.Data );
    492          #endif
    493                break;
    494            }
    495          }
   \                     ??SimonApp_MessageMSGCB_1:
   \   00002B   D083         POP     DPH
   \   00002D   D082         POP     DPL
   \   00002F   02....       LJMP    ?BRET
    496          
    497          /*********************************************************************
    498           * @fn      SimonApp_SendTheMessage
    499           *
    500           * @brief   Send "the" message.
    501           *
    502           * @param   none
    503           *
    504           * @return  none
    505           */

   \                                 In  segment BANKED_CODE, align 1, keep-with-next
    506          void SimonApp_SendTheMessage( void )
   \                     SimonApp_SendTheMessage:
    507          {
   \   000000   74F6         MOV     A,#-0xa
   \   000002   12....       LCALL   ?BANKED_ENTER_XDATA
   \   000005                ; Saved register size: 10
   \   000005                ; Auto size: 12
   \   000005   74F4         MOV     A,#-0xc
   \   000007   12....       LCALL   ?ALLOC_XSTACK8
    508            char theMessageData[] = "Hello World";
   \   00000A   85..82       MOV     DPL,?XSP + 0
   \   00000D   85..83       MOV     DPH,?XSP + 1
   \   000010   AC82         MOV     R4,DPL
   \   000012   AD83         MOV     R5,DPH
   \   000014   7583..       MOV     DPH,#(`?<Constant "Hello World">` >> 8) & 0xff
   \   000017   7582..       MOV     DPL,#`?<Constant "Hello World">` & 0xff
   \   00001A   740C         MOV     A,#0xc
   \   00001C   12....       LCALL   ?MOVE_LONG8_XDATA_XDATA
    509          
    510            if ( AF_DataRequest( &SimonApp_DstAddr, &SimonApp_epDesc,
    511                                 SimonApp_CLUSTERID,
    512                                 (byte)osal_strlen( theMessageData ) + 1,
    513                                 (byte *)&theMessageData,
    514                                 &SimonApp_TransID,
    515                                 AF_DISCV_ROUTE, AF_DEFAULT_RADIUS ) == afStatus_SUCCESS )
   \   00001F                ; Setup parameters for call to function AF_DataRequest
   \   00001F   75..1E       MOV     ?V0 + 0,#0x1e
   \   000022   78..         MOV     R0,#?V0 + 0
   \   000024   12....       LCALL   ?PUSH_XSTACK_I_ONE
   \   000027   75....       MOV     ?V0 + 0,#SimonApp_TransID & 0xff
   \   00002A   75....       MOV     ?V0 + 1,#(SimonApp_TransID >> 8) & 0xff
   \   00002D   78..         MOV     R0,#?V0 + 0
   \   00002F   12....       LCALL   ?PUSH_XSTACK_I_TWO
   \   000032   7403         MOV     A,#0x3
   \   000034   12....       LCALL   ?XSTACK_DISP0_8
   \   000037   8582..       MOV     ?V0 + 0,DPL
   \   00003A   8583..       MOV     ?V0 + 1,DPH
   \   00003D   78..         MOV     R0,#?V0 + 0
   \   00003F   12....       LCALL   ?PUSH_XSTACK_I_TWO
   \   000042                ; Setup parameters for call to function osal_strlen
   \   000042   7405         MOV     A,#0x5
   \   000044   12....       LCALL   ?XSTACK_DISP0_8
   \   000047   AA82         MOV     R2,DPL
   \   000049   AB83         MOV     R3,DPH
   \   00004B   12....       LCALL   ??osal_strlen?relay
   \   00004E   EA           MOV     A,R2
   \   00004F   2401         ADD     A,#0x1
   \   000051   F5..         MOV     ?V0 + 0,A
   \   000053   E4           CLR     A
   \   000054   3400         ADDC    A,#0x0
   \   000056   F5..         MOV     ?V0 + 1,A
   \   000058   78..         MOV     R0,#?V0 + 0
   \   00005A   12....       LCALL   ?PUSH_XSTACK_I_TWO
   \   00005D   75..01       MOV     ?V0 + 0,#0x1
   \   000060   75..00       MOV     ?V0 + 1,#0x0
   \   000063   78..         MOV     R0,#?V0 + 0
   \   000065   12....       LCALL   ?PUSH_XSTACK_I_TWO
   \   000068   7920         MOV     R1,#0x20
   \   00006A   7C..         MOV     R4,#SimonApp_epDesc & 0xff
   \   00006C   7D..         MOV     R5,#(SimonApp_epDesc >> 8) & 0xff
   \   00006E   7A..         MOV     R2,#SimonApp_DstAddr & 0xff
   \   000070   7B..         MOV     R3,#(SimonApp_DstAddr >> 8) & 0xff
   \   000072   12....       LCALL   ??AF_DataRequest?relay
   \   000075   7409         MOV     A,#0x9
   \   000077   12....       LCALL   ?DEALLOC_XSTACK8
    516            {
    517              // Successfully requested to be sent.
    518            }
    519            else
    520            {
    521              // Error occurred in request to send.
    522            }
    523          }
   \   00007A   740C         MOV     A,#0xc
   \   00007C   12....       LCALL   ?DEALLOC_XSTACK8
   \   00007F   02....       LJMP    ?Subroutine1 & 0xFFFF

   \                                 In  segment BANK_RELAYS, align 1
   \                     ??SimonApp_Init?relay:
   \   000000   12....       LCALL   ?BDISPATCH
   \   000003   ......       DC24    SimonApp_Init

   \                                 In  segment BANK_RELAYS, align 1
   \                     ??SimonApp_ProcessEvent?relay:
   \   000000   12....       LCALL   ?BDISPATCH
   \   000003   ......       DC24    SimonApp_ProcessEvent

   \                                 In  segment BANK_RELAYS, align 1
   \                     ??SimonApp_ProcessZDOMsgs?relay:
   \   000000   12....       LCALL   ?BDISPATCH
   \   000003   ......       DC24    SimonApp_ProcessZDOMsgs

   \                                 In  segment BANK_RELAYS, align 1
   \                     ??SimonApp_HandleKeys?relay:
   \   000000   12....       LCALL   ?BDISPATCH
   \   000003   ......       DC24    SimonApp_HandleKeys

   \                                 In  segment BANK_RELAYS, align 1
   \                     ??SimonApp_MessageMSGCB?relay:
   \   000000   12....       LCALL   ?BDISPATCH
   \   000003   ......       DC24    SimonApp_MessageMSGCB

   \                                 In  segment BANK_RELAYS, align 1
   \                     ??SimonApp_SendTheMessage?relay:
   \   000000   12....       LCALL   ?BDISPATCH
   \   000003   ......       DC24    SimonApp_SendTheMessage

   \                                 In  segment XDATA_ROM_C, align 1
   \                     `?<Constant "SimonApp">`:
   \   000000   53696D6F     DB "SimonApp"
   \            6E417070
   \            00      

   \                                 In  segment XDATA_ROM_C, align 1
   \                     `?<Constant "rcvd">`:
   \   000000   72637664     DB "rcvd"
   \            00      

   \                                 In  segment XDATA_ROM_C, align 1
   \                     `?<Constant "Hello World">`:
   \   000000   48656C6C     DB "Hello World"
   \            6F20576F
   \            726C6400
    524          
    525          /*********************************************************************
    526          *********************************************************************/

   Maximum stack usage in bytes:

     Function                     ISTACK PSTACK XSTACK
     --------                     ------ ------ ------
     SimonApp_HandleKeys              0      0     42
       -> HalLedSet                   0      0     42
       -> NLME_GetShortAddr           0      0     42
       -> ZDP_EndDeviceBindReq        0      0     60
       -> HalLedSet                   0      0     42
       -> ZDP_MatchDescReq            0      0     58
     SimonApp_Init                    0      0      9
       -> afRegister                  0      0     18
       -> RegisterForKeys             0      0     18
       -> HalLcdWriteString           0      0     18
       -> ZDO_RegisterForZDOMsg       0      0     18
       -> ZDO_RegisterForZDOMsg       0      0     18
     SimonApp_MessageMSGCB            2      0     12
       -> HalLcdWriteScreen           4      0      0
     SimonApp_ProcessEvent            0      0     12
       -> osal_msg_receive            0      0     24
       -> LS164_BYTE                  0      0     24
       -> LS164_BYTE                  0      0     24
       -> LS164_BYTE                  0      0     24
       -> osal_msg_deallocate         0      0     24
       -> osal_msg_receive            0      0     24
       -> SimonApp_ProcessZDOMsgs     0      0     24
       -> SimonApp_HandleKeys         0      0     24
       -> SimonApp_MessageMSGCB       0      0     24
       -> SimonApp_SendTheMessage     0      0     24
       -> osal_start_timerEx          0      0     24
     SimonApp_ProcessZDOMsgs          0      0     22
       -> HalLedSet                   0      0     20
       -> HalLedSet                   0      0     20
       -> ZDO_ParseEPListRsp          0      0     20
       -> HalLedSet                   0      0     20
       -> osal_mem_free               0      0     20
     SimonApp_SendTheMessage          2      0     43
       -> osal_strlen                 0      0     54
       -> AF_DataRequest              0      0     62


   Segment part sizes:

     Function/Label                  Bytes
     --------------                  -----
     SimonApp_ClusterList               2
     SimonApp_SimpleDesc               12
     SimonApp_epDesc                    6
     SimonApp_TaskID                    1
     SimonApp_NwkState                  1
     SimonApp_TransID                   1
     SimonApp_DstAddr                  12
     SimonApp_Init                    111
     SimonApp_ProcessEvent            192
     ?Subroutine0                       5
     SimonApp_ProcessZDOMsgs          154
     ?Subroutine1                       5
     SimonApp_HandleKeys              230
     SimonApp_MessageMSGCB             50
     SimonApp_SendTheMessage          130
     ??SimonApp_Init?relay              6
     ??SimonApp_ProcessEvent?relay      6
     ??SimonApp_ProcessZDOMsgs?relay    6
     ??SimonApp_HandleKeys?relay        6
     ??SimonApp_MessageMSGCB?relay      6
     ??SimonApp_SendTheMessage?relay    6
     ?<Constant "SimonApp">             9
     ?<Constant "rcvd">                 5
     ?<Constant "Hello World">         12

 
 877 bytes in segment BANKED_CODE
  36 bytes in segment BANK_RELAYS
  40 bytes in segment XDATA_ROM_C
  21 bytes in segment XDATA_Z
 
 913 bytes of CODE  memory
  40 bytes of CONST memory
  21 bytes of XDATA memory

Errors: none
Warnings: none
